<?xml version="1.0" encoding="UTF-8"?>
<!-- Generated by org.testng.reporters.JUnitXMLReporter -->
<testsuite ignored="0" hostname="ROIAS4049776B" failures="0" tests="9" name="Default test" time="35.53" errors="0" timestamp="2021-11-16T16:05:19 EET">
  <testcase classname="test.TestChallengingPomPage" name="checkButtons" time="26.048"/>
  <testcase classname="test.TestChallengingPomPage" name="checkCanvasAnswer" time="0.454"/>
  <testcase classname="test.TestChallengingPomPage" name="checkDeleteLnk" time="0.279"/>
  <testcase classname="test.TestChallengingPomPage" name="checkEditLnk" time="0.295"/>
  <testcase classname="test.TestChallengingPomPage" name="checkIfBrowserIsOpen" time="0.21"/>
  <testcase classname="test.TestChallengingPomPage" name="checkLinksToGitHub" time="1.786"/>
  <testcase classname="test.TestChallengingPomPage" name="checkPagetitle" time="0.313"/>
  <testcase classname="test.TestChallengingPomPage" name="checkTable" time="0.887"/>
  <testcase classname="test.TestChallengingPomPage" name="checkTextheader" time="0.029"/>
</testsuite> <!-- Default test -->
